<?xml version="1.0" encoding="UTF-8"?>
<!-- Generated by org.testng.reporters.JUnitReportReporter -->
<testsuite hostname="Lalit-Tech" failures="0" tests="2" name="com.eatsure.tests.landingPageTests" time="14.029" errors="0" timestamp="2025-01-15T12:47:51 IST" skipped="0">
  <testcase classname="com.eatsure.tests.landingPageTests" name="verifyLocationSearchResulWithValidLocationSearch" time="5.061"/>
  <testcase classname="com.eatsure.tests.landingPageTests" name="verifyValidLocationTakesUserToTheHome" time="8.968"/>
</testsuite> <!-- com.eatsure.tests.landingPageTests -->
