<?xml version="1.0" encoding="UTF-8"?>
<!-- Generated by org.testng.reporters.JUnitReportReporter -->
<testsuite hostname="Lalit-Tech" failures="0" tests="1" name="com.eatsure.tests.addProductTest" time="59.533" errors="0" timestamp="2025-01-20T18:02:16 IST" skipped="0">
  <testcase classname="com.eatsure.tests.addProductTest" name="verifyAddingTheProductToTheCartFromPlp" time="59.533"/>
</testsuite> <!-- com.eatsure.tests.addProductTest -->
